0 info it worked if it ends with ok
1 verbose cli [ 'node',
1 verbose cli   '/usr/local/bin/npm',
1 verbose cli   'install',
1 verbose cli   '-g',
1 verbose cli   'commander@1.0.5',
1 verbose cli   'underscore-cli' ]
2 info using npm@1.4.28
3 info using node@v0.10.33
4 verbose cache add [ 'commander@1.0.5', null ]
5 verbose cache add name=undefined spec="commander@1.0.5" args=["commander@1.0.5",null]
6 verbose parsed url { protocol: null,
6 verbose parsed url   slashes: null,
6 verbose parsed url   auth: null,
6 verbose parsed url   host: null,
6 verbose parsed url   port: null,
6 verbose parsed url   hostname: null,
6 verbose parsed url   hash: null,
6 verbose parsed url   search: null,
6 verbose parsed url   query: null,
6 verbose parsed url   pathname: 'commander@1.0.5',
6 verbose parsed url   path: 'commander@1.0.5',
6 verbose parsed url   href: 'commander@1.0.5' }
7 verbose cache add [ 'underscore-cli', null ]
8 verbose cache add name=undefined spec="underscore-cli" args=["underscore-cli",null]
9 verbose parsed url { protocol: null,
9 verbose parsed url   slashes: null,
9 verbose parsed url   auth: null,
9 verbose parsed url   host: null,
9 verbose parsed url   port: null,
9 verbose parsed url   hostname: null,
9 verbose parsed url   hash: null,
9 verbose parsed url   search: null,
9 verbose parsed url   query: null,
9 verbose parsed url   pathname: 'underscore-cli',
9 verbose parsed url   path: 'underscore-cli',
9 verbose parsed url   href: 'underscore-cli' }
10 verbose cache add name="commander" spec="1.0.5" args=["commander","1.0.5"]
11 verbose parsed url { protocol: null,
11 verbose parsed url   slashes: null,
11 verbose parsed url   auth: null,
11 verbose parsed url   host: null,
11 verbose parsed url   port: null,
11 verbose parsed url   hostname: null,
11 verbose parsed url   hash: null,
11 verbose parsed url   search: null,
11 verbose parsed url   query: null,
11 verbose parsed url   pathname: '1.0.5',
11 verbose parsed url   path: '1.0.5',
11 verbose parsed url   href: '1.0.5' }
12 verbose addNamed [ 'commander', '1.0.5' ]
13 verbose addNamed [ '1.0.5', '1.0.5' ]
14 silly lockFile c1db8845-commander-1-0-5 commander@1.0.5
15 verbose lock commander@1.0.5 /Users/ph2/.npm/c1db8845-commander-1-0-5.lock
16 silly lockFile 6e3b1a45-underscore-cli underscore-cli
17 verbose lock underscore-cli /Users/ph2/.npm/6e3b1a45-underscore-cli.lock
18 silly lockFile 6e3b1a45-underscore-cli underscore-cli
19 silly lockFile 6e3b1a45-underscore-cli underscore-cli
20 verbose addNamed [ 'underscore-cli', '' ]
21 verbose addNamed [ null, '*' ]
22 silly lockFile 0e8dbf7c-underscore-cli underscore-cli@
23 verbose lock underscore-cli@ /Users/ph2/.npm/0e8dbf7c-underscore-cli.lock
24 silly addNameRange { name: 'underscore-cli', range: '*', hasData: false }
25 verbose request where is /commander
26 verbose request registry https://registry.npmjs.org/
27 verbose request id 70034333ea504499
28 verbose url raw /commander
29 verbose url resolving [ 'https://registry.npmjs.org/', './commander' ]
30 verbose url resolved https://registry.npmjs.org/commander
31 verbose request where is https://registry.npmjs.org/commander
32 info trying registry request attempt 1 at 11:20:22
33 verbose etag "4XYKIN75CTKI6DUTZS5NASO9I"
34 http GET https://registry.npmjs.org/commander
35 verbose request where is /underscore-cli
36 verbose request registry https://registry.npmjs.org/
37 verbose url raw /underscore-cli
38 verbose url resolving [ 'https://registry.npmjs.org/', './underscore-cli' ]
39 verbose url resolved https://registry.npmjs.org/underscore-cli
40 verbose request where is https://registry.npmjs.org/underscore-cli
41 info trying registry request attempt 1 at 11:20:22
42 verbose etag "2D9F1QVRES0X12GQX6BYUEUGL"
43 http GET https://registry.npmjs.org/underscore-cli
44 http 200 https://registry.npmjs.org/commander
45 silly registry.get cb [ 200,
45 silly registry.get   { date: 'Tue, 09 Dec 2014 09:20:22 GMT',
45 silly registry.get     server: 'CouchDB/1.5.0 (Erlang OTP/R16B03)',
45 silly registry.get     etag: '"1VEJX0K4GEQ8ABF49EJ9ZEV7W"',
45 silly registry.get     'content-type': 'application/json',
45 silly registry.get     'cache-control': 'max-age=60',
45 silly registry.get     'content-length': '45329',
45 silly registry.get     'accept-ranges': 'bytes',
45 silly registry.get     via: '1.1 varnish',
45 silly registry.get     age: '1',
45 silly registry.get     'x-served-by': 'cache-ams4138-AMS',
45 silly registry.get     'x-cache': 'HIT',
45 silly registry.get     'x-cache-hits': '1',
45 silly registry.get     'x-timer': 'S1418116822.877912,VS0,VE0',
45 silly registry.get     vary: 'Accept',
45 silly registry.get     'keep-alive': 'timeout=10, max=50',
45 silly registry.get     connection: 'Keep-Alive' } ]
46 silly lockFile 3821ed1b-rg-commander-commander-1-0-5-tgz https://registry.npmjs.org/commander/-/commander-1.0.5.tgz
47 verbose lock https://registry.npmjs.org/commander/-/commander-1.0.5.tgz /Users/ph2/.npm/3821ed1b-rg-commander-commander-1-0-5-tgz.lock
48 verbose addRemoteTarball [ 'https://registry.npmjs.org/commander/-/commander-1.0.5.tgz',
48 verbose addRemoteTarball   '457295bb976e388e9dd0db52de4333e249f3d88c' ]
49 info retry fetch attempt 1 at 11:20:23
50 verbose fetch to= /var/folders/w8/9n_z1n2s23v6j5dr0_08p8t00000gp/T/npm-26737-NHjo-SoI/registry.npmjs.org/commander/-/commander-1.0.5.tgz
51 http GET https://registry.npmjs.org/commander/-/commander-1.0.5.tgz
52 http 200 https://registry.npmjs.org/commander/-/commander-1.0.5.tgz
53 silly lockFile 3821ed1b-rg-commander-commander-1-0-5-tgz https://registry.npmjs.org/commander/-/commander-1.0.5.tgz
54 silly lockFile 3821ed1b-rg-commander-commander-1-0-5-tgz https://registry.npmjs.org/commander/-/commander-1.0.5.tgz
55 silly lockFile c1db8845-commander-1-0-5 commander@1.0.5
56 silly lockFile c1db8845-commander-1-0-5 commander@1.0.5
57 http 304 https://registry.npmjs.org/underscore-cli
58 silly registry.get cb [ 304,
58 silly registry.get   { date: 'Tue, 09 Dec 2014 09:20:22 GMT',
58 silly registry.get     server: 'Apache',
58 silly registry.get     via: '1.1 varnish',
58 silly registry.get     'last-modified': 'Tue, 09 Dec 2014 09:20:23 GMT',
58 silly registry.get     'cache-control': 'max-age=60',
58 silly registry.get     etag: '"2D9F1QVRES0X12GQX6BYUEUGL"',
58 silly registry.get     age: '0',
58 silly registry.get     'x-served-by': 'cache-ams4122-AMS',
58 silly registry.get     'x-cache': 'MISS',
58 silly registry.get     'x-cache-hits': '0',
58 silly registry.get     'x-timer': 'S1418116822.882371,VS0,VE306',
58 silly registry.get     vary: 'Accept',
58 silly registry.get     'content-length': '0',
58 silly registry.get     'keep-alive': 'timeout=10, max=50',
58 silly registry.get     connection: 'Keep-Alive' } ]
59 verbose etag https://registry.npmjs.org/underscore-cli from cache
60 silly addNameRange number 2 { name: 'underscore-cli', range: '*', hasData: true }
61 silly addNameRange versions [ 'underscore-cli',
61 silly addNameRange   [ '0.1.0',
61 silly addNameRange     '0.2.1',
61 silly addNameRange     '0.2.2',
61 silly addNameRange     '0.2.3',
61 silly addNameRange     '0.2.4',
61 silly addNameRange     '0.2.5',
61 silly addNameRange     '0.2.6',
61 silly addNameRange     '0.2.7',
61 silly addNameRange     '0.2.8',
61 silly addNameRange     '0.2.10',
61 silly addNameRange     '0.2.11',
61 silly addNameRange     '0.2.12',
61 silly addNameRange     '0.2.13',
61 silly addNameRange     '0.2.15',
61 silly addNameRange     '0.2.16',
61 silly addNameRange     '0.2.17',
61 silly addNameRange     '0.2.18' ] ]
62 verbose addNamed [ 'underscore-cli', '0.2.18' ]
63 verbose addNamed [ '0.2.18', '0.2.18' ]
64 silly lockFile cd0e8d28-underscore-cli-0-2-18 underscore-cli@0.2.18
65 verbose lock underscore-cli@0.2.18 /Users/ph2/.npm/cd0e8d28-underscore-cli-0-2-18.lock
66 silly lockFile cd0e8d28-underscore-cli-0-2-18 underscore-cli@0.2.18
67 silly lockFile cd0e8d28-underscore-cli-0-2-18 underscore-cli@0.2.18
68 silly lockFile 0e8dbf7c-underscore-cli underscore-cli@
69 silly lockFile 0e8dbf7c-underscore-cli underscore-cli@
70 silly resolved [ { name: 'commander',
70 silly resolved     version: '1.0.5',
70 silly resolved     description: 'the complete solution for node.js command-line programs',
70 silly resolved     keywords: [ 'command', 'option', 'parser', 'prompt', 'stdin' ],
70 silly resolved     author: { name: 'TJ Holowaychuk', email: 'tj@vision-media.ca' },
70 silly resolved     repository:
70 silly resolved      { type: 'git',
70 silly resolved        url: 'https://github.com/visionmedia/commander.js.git' },
70 silly resolved     dependencies: { keypress: '0.1.x' },
70 silly resolved     devDependencies: { should: '>= 0.0.1' },
70 silly resolved     scripts: { test: 'make test' },
70 silly resolved     main: 'index',
70 silly resolved     engines: { node: '>= 0.6.x' },
70 silly resolved     _id: 'commander@1.0.5',
70 silly resolved     dist:
70 silly resolved      { shasum: '457295bb976e388e9dd0db52de4333e249f3d88c',
70 silly resolved        tarball: 'http://registry.npmjs.org/commander/-/commander-1.0.5.tgz' },
70 silly resolved     _npmVersion: '1.1.61',
70 silly resolved     _npmUser: { name: 'tjholowaychuk', email: 'tj@vision-media.ca' },
70 silly resolved     maintainers: [ [Object] ],
70 silly resolved     directories: {},
70 silly resolved     _shasum: '457295bb976e388e9dd0db52de4333e249f3d88c',
70 silly resolved     _from: 'commander@1.0.5',
70 silly resolved     _resolved: 'https://registry.npmjs.org/commander/-/commander-1.0.5.tgz' },
70 silly resolved   { name: 'underscore-cli',
70 silly resolved     description: 'Command-line interface to underscore.js - useful for shell scripting and JSON processing',
70 silly resolved     version: '0.2.18',
70 silly resolved     contributors: [ [Object] ],
70 silly resolved     dependencies:
70 silly resolved      { underscore: '>= 1.3.3',
70 silly resolved        'underscore.string': '*',
70 silly resolved        commander: '1.0.5',
70 silly resolved        'coffee-script': '*',
70 silly resolved        JSONSelect: '*',
70 silly resolved        msgpack: '*' },
70 silly resolved     optionalDependencies: { 'coffee-script': '*', JSONSelect: '*', msgpack: '*' },
70 silly resolved     devDependencies: { mocha: '*' },
70 silly resolved     main: 'index.js',
70 silly resolved     directories: { bin: './bin' },
70 silly resolved     repository:
70 silly resolved      { type: 'git',
70 silly resolved        url: 'git://github.com/ddopson/underscore-cli.git' },
70 silly resolved     scripts: { test: 'vows --spec test/*-test.js' },
70 silly resolved     bin: { underscore: 'bin/underscore' },
70 silly resolved     bugs: { url: 'https://github.com/ddopson/underscore-cli/issues' },
70 silly resolved     homepage: 'https://github.com/ddopson/underscore-cli',
70 silly resolved     _id: 'underscore-cli@0.2.18',
70 silly resolved     _shasum: 'a3b09492f642ef7a6ab7ad70022f7bf8a2ffaf1f',
70 silly resolved     _resolved: 'https://registry.npmjs.org/underscore-cli/-/underscore-cli-0.2.18.tgz',
70 silly resolved     _from: 'underscore-cli@',
70 silly resolved     _npmVersion: '1.4.28',
70 silly resolved     _npmUser: { name: 'ddopson', email: 'ddopson@gmail.com' },
70 silly resolved     maintainers: [ [Object] ],
70 silly resolved     dist:
70 silly resolved      { shasum: 'a3b09492f642ef7a6ab7ad70022f7bf8a2ffaf1f',
70 silly resolved        tarball: 'http://registry.npmjs.org/underscore-cli/-/underscore-cli-0.2.18.tgz' },
70 silly resolved     readme: 'ERROR: No README data found!' } ]
71 info install commander@1.0.5 into /usr/local/lib
72 info install underscore-cli@0.2.18 into /usr/local/lib
73 info installOne commander@1.0.5
74 info installOne underscore-cli@0.2.18
75 verbose lib/node_modules/underscore-cli unbuild
76 verbose tar unpack /Users/ph2/.npm/underscore-cli/0.2.18/package.tgz
77 silly lockFile 2ff5ca26--lib-node-modules-underscore-cli tar:///usr/local/lib/node_modules/underscore-cli
78 verbose lock tar:///usr/local/lib/node_modules/underscore-cli /Users/ph2/.npm/2ff5ca26--lib-node-modules-underscore-cli.lock
79 silly lockFile 4b7b1663-nderscore-cli-0-2-18-package-tgz tar:///Users/ph2/.npm/underscore-cli/0.2.18/package.tgz
80 verbose lock tar:///Users/ph2/.npm/underscore-cli/0.2.18/package.tgz /Users/ph2/.npm/4b7b1663-nderscore-cli-0-2-18-package-tgz.lock
81 verbose lib/node_modules/commander unbuild
82 silly gunzTarPerm modes [ '755', '644' ]
83 verbose tar unpack /Users/ph2/.npm/commander/1.0.5/package.tgz
84 silly lockFile 70f4665f-local-lib-node-modules-commander tar:///usr/local/lib/node_modules/commander
85 verbose lock tar:///usr/local/lib/node_modules/commander /Users/ph2/.npm/70f4665f-local-lib-node-modules-commander.lock
86 silly lockFile f60da21a--npm-commander-1-0-5-package-tgz tar:///Users/ph2/.npm/commander/1.0.5/package.tgz
87 verbose lock tar:///Users/ph2/.npm/commander/1.0.5/package.tgz /Users/ph2/.npm/f60da21a--npm-commander-1-0-5-package-tgz.lock
88 silly gunzTarPerm modes [ '755', '644' ]
89 error Error: EACCES, mkdir '/usr/local/lib/node_modules/commander'
89 error  { [Error: EACCES, mkdir '/usr/local/lib/node_modules/commander']
89 error   errno: 3,
89 error   code: 'EACCES',
89 error   path: '/usr/local/lib/node_modules/commander',
89 error   fstream_type: 'Directory',
89 error   fstream_path: '/usr/local/lib/node_modules/commander',
89 error   fstream_class: 'DirWriter',
89 error   fstream_stack:
89 error    [ '/usr/local/lib/node_modules/npm/node_modules/fstream/lib/dir-writer.js:36:23',
89 error      '/usr/local/lib/node_modules/npm/node_modules/mkdirp/index.js:46:53',
89 error      'Object.oncomplete (fs.js:107:15)' ] }
90 error Please try running this command again as root/Administrator.
91 error System Darwin 14.0.0
92 error command "node" "/usr/local/bin/npm" "install" "-g" "commander@1.0.5" "underscore-cli"
93 error cwd /Users/ph2/Projects/ang-news
94 error node -v v0.10.33
95 error npm -v 1.4.28
96 error path /usr/local/lib/node_modules/commander
97 error fstream_path /usr/local/lib/node_modules/commander
98 error fstream_type Directory
99 error fstream_class DirWriter
100 error code EACCES
101 error errno 3
102 error stack Error: EACCES, mkdir '/usr/local/lib/node_modules/commander'
103 error fstream_stack /usr/local/lib/node_modules/npm/node_modules/fstream/lib/dir-writer.js:36:23
103 error fstream_stack /usr/local/lib/node_modules/npm/node_modules/mkdirp/index.js:46:53
103 error fstream_stack Object.oncomplete (fs.js:107:15)
104 verbose exit [ 3, true ]
